0 info it worked if it ends with ok
1 verbose cli [ 'D:\\Node\\node.exe',
1 verbose cli   'D:\\Node\\node_modules\\npm\\bin\\npm-cli.js',
1 verbose cli   'start' ]
2 info using npm@3.10.10
3 info using node@v6.9.4
4 verbose run-script [ 'prestart', 'start', 'poststart' ]
5 info lifecycle code-for-social-good@0.0.1~prestart: code-for-social-good@0.0.1
6 silly lifecycle code-for-social-good@0.0.1~prestart: no script for prestart, continuing
7 info lifecycle code-for-social-good@0.0.1~start: code-for-social-good@0.0.1
8 verbose lifecycle code-for-social-good@0.0.1~start: unsafe-perm in lifecycle true
9 verbose lifecycle code-for-social-good@0.0.1~start: PATH: D:\Node\node_modules\npm\bin\node-gyp-bin;D:\Desktop\GitHub\C4SG\C4SGWeb\node_modules\.bin;C:\Program Files (x86)\Intel\iCLS Client\;C:\Program Files\Intel\iCLS Client\;C:\Windows\system32;C:\Windows;C:\Windows\System32\Wbem;C:\Windows\System32\WindowsPowerShell\v1.0\;C:\Program Files (x86)\Intel\Intel(R) Management Engine Components\DAL;C:\Program Files\Intel\Intel(R) Management Engine Components\DAL;C:\Program Files (x86)\Intel\Intel(R) Management Engine Components\IPT;C:\Program Files\Intel\Intel(R) Management Engine Components\IPT;C:\Program Files (x86)\NVIDIA Corporation\PhysX\Common;C:\Program Files\Git\cmd;D:\puTTy\;D:\Node\;C:\ProgramData\chocolatey\bin;C:\RailsInstaller\Ruby2.2.0\bin;C:\Users\dahal\AppData\Local\Programs\Python\Python36-32\Scripts\;C:\Users\dahal\AppData\Local\Programs\Python\Python36-32\;D:\java\bin;C:\Users\dahal\AppData\Roaming\npm
10 verbose lifecycle code-for-social-good@0.0.1~start: CWD: D:\Desktop\GitHub\C4SG\C4SGWeb
11 silly lifecycle code-for-social-good@0.0.1~start: Args: [ '/d /s /c', 'tsc && concurrently "tsc -w" "lite-server" ' ]
12 silly lifecycle code-for-social-good@0.0.1~start: Returned: code: 3221225786  signal: null
13 info lifecycle code-for-social-good@0.0.1~start: Failed to exec start script
14 verbose stack Error: code-for-social-good@0.0.1 start: `tsc && concurrently "tsc -w" "lite-server" `
14 verbose stack Exit status 3221225786
14 verbose stack     at EventEmitter.<anonymous> (D:\Node\node_modules\npm\lib\utils\lifecycle.js:255:16)
14 verbose stack     at emitTwo (events.js:106:13)
14 verbose stack     at EventEmitter.emit (events.js:191:7)
14 verbose stack     at ChildProcess.<anonymous> (D:\Node\node_modules\npm\lib\utils\spawn.js:40:14)
14 verbose stack     at emitTwo (events.js:106:13)
14 verbose stack     at ChildProcess.emit (events.js:191:7)
14 verbose stack     at maybeClose (internal/child_process.js:877:16)
14 verbose stack     at Process.ChildProcess._handle.onexit (internal/child_process.js:226:5)
15 verbose pkgid code-for-social-good@0.0.1
16 verbose cwd D:\Desktop\GitHub\C4SG\C4SGWeb
17 error Windows_NT 10.0.14393
18 error argv "D:\\Node\\node.exe" "D:\\Node\\node_modules\\npm\\bin\\npm-cli.js" "start"
19 error node v6.9.4
20 error npm  v3.10.10
21 error code ELIFECYCLE
22 error code-for-social-good@0.0.1 start: `tsc && concurrently "tsc -w" "lite-server" `
22 error Exit status 3221225786
23 error Failed at the code-for-social-good@0.0.1 start script 'tsc && concurrently "tsc -w" "lite-server" '.
23 error Make sure you have the latest version of node.js and npm installed.
23 error If you do, this is most likely a problem with the code-for-social-good package,
23 error not with npm itself.
23 error Tell the author that this fails on your system:
23 error     tsc && concurrently "tsc -w" "lite-server"
23 error You can get information on how to open an issue for this project with:
23 error     npm bugs code-for-social-good
23 error Or if that isn't available, you can get their info via:
23 error     npm owner ls code-for-social-good
23 error There is likely additional logging output above.
24 verbose exit [ 1, true ]
